Drill report for circle_of_life.kicad_pcb
Created on 2026-02-25T21:20:48-0600

Copper Layer Stackup:
    =============================================================
    L1 :  F.Cu                      front
    L2 :  B.Cu                      back


Drill file 'circle_of_life-PTH.drl' contains
    plated through holes:
    =============================================================
    T1  0.300mm  0.0118"  (111 holes)
    T2  0.600mm  0.0236"  (4 holes)  (with 4 slots)
    T3  0.700mm  0.0276"  (4 holes)
    T4  0.800mm  0.0315"  (6 holes)
    T5  0.900mm  0.0354"  (6 holes)
    T6  1.000mm  0.0394"  (8 holes)
    T7  1.100mm  0.0433"  (4 holes)
    T8  1.300mm  0.0512"  (12 holes)
    T9  3.100mm  0.1220"  (3 holes)

    Total plated holes count 158


Drill file 'circle_of_life-NPTH.drl' contains
    unplated through holes:
    =============================================================
    T1  0.650mm  0.0256"  (2 holes)

    Total unplated holes count 2
